{"created": 1767268951.432518, "duration": 3.4810965061187744, "exitcode": 1, "root": "C:\\Users\\pavit\\OneDrive\\Desktop\\AI_Powered_chatbot", "environment": {}, "summary": {"failed": 7, "passed": 21, "total": 28, "collected": 28}, "collectors": [{"nodeid": "", "outcome": "passed", "result": [{"nodeid": ".", "type": "Dir"}]}, {"nodeid": "chat_ui", "outcome": "passed", "result": []}, {"nodeid": "cli", "outcome": "passed", "result": []}, {"nodeid": "core/docstring_engine", "outcome": "passed", "result": []}, {"nodeid": "core/parser", "outcome": "passed", "result": []}, {"nodeid": "core/reporter", "outcome": "passed", "result": []}, {"nodeid": "core/review_engine", "outcome": "passed", "result": []}, {"nodeid": "core/validator", "outcome": "passed", "result": []}, {"nodeid": "core", "outcome": "passed", "result": [{"nodeid": "core/docstring_engine", "type": "Package"}, {"nodeid": "core/parser", "type": "Package"}, {"nodeid": "core/reporter", "type": "Package"}, {"nodeid": "core/review_engine", "type": "Package"}, {"nodeid": "core/validator", "type": "Package"}]}, {"nodeid": "dashboard_ui", "outcome": "passed", "result": []}, {"nodeid": "examples", "outcome": "passed", "result": []}, {"nodeid": "experiments", "outcome": "passed", "result": []}, {"nodeid": "storage/reports", "outcome": "passed", "result": []}, {"nodeid": "storage", "outcome": "passed", "result": [{"nodeid": "storage/reports", "type": "Dir"}]}, {"nodeid": "tests/test_coverage_repoter.py", "outcome": "passed", "result": [{"nodeid": "tests/test_coverage_repoter.py::test_coverage_keys_exist", "type": "Function", "lineno": 6}, {"nodeid": "tests/test_coverage_repoter.py::test_coverage_threshold_check", "type": "Function", "lineno": 17}, {"nodeid": "tests/test_coverage_repoter.py::test_empty_input_handling", "type": "Function", "lineno": 26}]}, {"nodeid": "tests/test_dashboard.py", "outcome": "passed", "result": [{"nodeid": "tests/test_dashboard.py::test_dashboard_loads_pytest_results", "type": "Function", "lineno": 5}, {"nodeid": "tests/test_dashboard.py::test_filter_functions_search", "type": "Function", "lineno": 11}, {"nodeid": "tests/test_dashboard.py::test_filter_functions_status", "type": "Function", "lineno": 23}, {"nodeid": "tests/test_dashboard.py::test_filter_functions_combined", "type": "Function", "lineno": 37}]}, {"nodeid": "tests/test_generotor.py", "outcome": "passed", "result": [{"nodeid": "tests/test_generotor.py::test_generate_google_docstring", "type": "Function", "lineno": 5}, {"nodeid": "tests/test_generotor.py::test_generate_numpy_docstring", "type": "Function", "lineno": 19}, {"nodeid": "tests/test_generotor.py::test_generate_rest_docstring", "type": "Function", "lineno": 33}, {"nodeid": "tests/test_generotor.py::test_invalid_style_raises_error", "type": "Function", "lineno": 46}]}, {"nodeid": "tests/test_llm_integration.py", "outcome": "passed", "result": [{"nodeid": "tests/test_llm_integration.py::test_llm_returns_dict", "type": "Function", "lineno": 6}, {"nodeid": "tests/test_llm_integration.py::test_llm_returns_all_required_fields", "type": "Function", "lineno": 36}, {"nodeid": "tests/test_llm_integration.py::test_llm_fallback_on_error", "type": "Function", "lineno": 67}, {"nodeid": "tests/test_llm_integration.py::test_llm_handles_function_without_args", "type": "Function", "lineno": 85}, {"nodeid": "tests/test_llm_integration.py::test_llm_handles_function_without_return", "type": "Function", "lineno": 110}]}, {"nodeid": "tests/test_parser.py", "outcome": "passed", "result": [{"nodeid": "tests/test_parser.py::test_parse_examples_folder", "type": "Function", "lineno": 5}, {"nodeid": "tests/test_parser.py::test_parsed_file_structure", "type": "Function", "lineno": 21}, {"nodeid": "tests/test_parser.py::test_function_metadata_keys", "type": "Function", "lineno": 38}, {"nodeid": "tests/test_parser.py::test_function_argument_parsing", "type": "Function", "lineno": 55}, {"nodeid": "tests/test_parser.py::test_docstring_detection", "type": "Function", "lineno": 78}]}, {"nodeid": "tests/test_validation.py", "outcome": "passed", "result": [{"nodeid": "tests/test_validation.py::test_validator_returns_list", "type": "Function", "lineno": 5}, {"nodeid": "tests/test_validation.py::test_validator_detects_issues", "type": "Function", "lineno": 17}, {"nodeid": "tests/test_validation.py::test_complexity_returns_list", "type": "Function", "lineno": 31}, {"nodeid": "tests/test_validation.py::test_complexity_structure", "type": "Function", "lineno": 38}, {"nodeid": "tests/test_validation.py::test_complexity_detects_branches", "type": "Function", "lineno": 54}, {"nodeid": "tests/test_validation.py::test_complexity_handles_multiple_functions", "type": "Function", "lineno": 82}, {"nodeid": "tests/test_validation.py::test_validator_with_valid_docstrings", "type": "Function", "lineno": 109}]}, {"nodeid": "tests", "outcome": "passed", "result": [{"nodeid": "tests/test_coverage_repoter.py", "type": "Module"}, {"nodeid": "tests/test_dashboard.py", "type": "Module"}, {"nodeid": "tests/test_generotor.py", "type": "Module"}, {"nodeid": "tests/test_llm_integration.py", "type": "Module"}, {"nodeid": "tests/test_parser.py", "type": "Module"}, {"nodeid": "tests/test_validation.py", "type": "Module"}]}, {"nodeid": ".", "outcome": "passed", "result": [{"nodeid": "chat_ui", "type": "Dir"}, {"nodeid": "cli", "type": "Package"}, {"nodeid": "core", "type": "Package"}, {"nodeid": "dashboard_ui", "type": "Dir"}, {"nodeid": "examples", "type": "Dir"}, {"nodeid": "experiments", "type": "Dir"}, {"nodeid": "storage", "type": "Dir"}, {"nodeid": "tests", "type": "Package"}]}], "tests": [{"nodeid": "tests/test_coverage_repoter.py::test_coverage_keys_exist", "lineno": 6, "outcome": "failed", "keywords": ["test_coverage_keys_exist", "test_coverage_repoter.py", "tests", "AI_Powered_chatbot", ""], "setup": {"duration": 0.000620500068180263, "outcome": "passed"}, "call": {"duration": 0.02208139991853386, "outcome": "failed", "crash": {"path": "C:\\Users\\pavit\\OneDrive\\Desktop\\AI_Powered_chatbot\\tests\\test_coverage_repoter.py", "lineno": 12, "message": "AssertionError: assert 'aggregate' in {'files': {'examples\\\\sample_a.py': {'coverage_percent': 25.0, 'doc_count': 1, 'items': [{'has_doc': False, 'lineno': ...e', 'type': 'function'}], 'total_items': 2}}, 'summary': {'coverage_percent': 50.0, 'total_docs': 3, 'total_items': 6}}"}, "traceback": [{"path": "tests\\test_coverage_repoter.py", "lineno": 12, "message": "AssertionError"}], "longrepr": "def test_coverage_keys_exist():\n        \"\"\"Test coverage report structure.\"\"\"\n        parsed = parse_path(\"examples\")\n        report = compute_coverage(parsed)\n    \n>       assert \"aggregate\" in report\nE       AssertionError: assert 'aggregate' in {'files': {'examples\\\\sample_a.py': {'coverage_percent': 25.0, 'doc_count': 1, 'items': [{'has_doc': False, 'lineno': ...e', 'type': 'function'}], 'total_items': 2}}, 'summary': {'coverage_percent': 50.0, 'total_docs': 3, 'total_items': 6}}\n\ntests\\test_coverage_repoter.py:12: AssertionError"}, "teardown": {"duration": 0.00039039994589984417, "outcome": "passed"}}, {"nodeid": "tests/test_coverage_repoter.py::test_coverage_threshold_check", "lineno": 17, "outcome": "failed", "keywords": ["test_coverage_threshold_check", "test_coverage_repoter.py", "tests", "AI_Powered_chatbot", ""], "setup": {"duration": 0.000532899983227253, "outcome": "passed"}, "call": {"duration": 0.003697900101542473, "outcome": "failed", "crash": {"path": "C:\\Users\\pavit\\OneDrive\\Desktop\\AI_Powered_chatbot\\tests\\test_coverage_repoter.py", "lineno": 21, "message": "TypeError: compute_coverage() got an unexpected keyword argument 'threshold'"}, "traceback": [{"path": "tests\\test_coverage_repoter.py", "lineno": 21, "message": "TypeError"}], "longrepr": "def test_coverage_threshold_check():\n        \"\"\"Test threshold checking in coverage report.\"\"\"\n        parsed = parse_path(\"examples\")\n>       report = compute_coverage(parsed, threshold=90)\n                 ^^^^^^^^^^^^^^^^^^^^^^^^^^^^^^^^^^^^^^\nE       TypeError: compute_coverage() got an unexpected keyword argument 'threshold'\n\ntests\\test_coverage_repoter.py:21: TypeError"}, "teardown": {"duration": 0.00028789998032152653, "outcome": "passed"}}, {"nodeid": "tests/test_coverage_repoter.py::test_empty_input_handling", "lineno": 26, "outcome": "failed", "keywords": ["test_empty_input_handling", "test_coverage_repoter.py", "tests", "AI_Powered_chatbot", ""], "setup": {"duration": 0.0001556000206619501, "outcome": "passed"}, "call": {"duration": 0.00018420000560581684, "outcome": "failed", "crash": {"path": "C:\\Users\\pavit\\OneDrive\\Desktop\\AI_Powered_chatbot\\tests\\test_coverage_repoter.py", "lineno": 30, "message": "KeyError: 'aggregate'"}, "traceback": [{"path": "tests\\test_coverage_repoter.py", "lineno": 30, "message": "KeyError"}], "longrepr": "def test_empty_input_handling():\n        \"\"\"Test coverage computation with empty input.\"\"\"\n        report = compute_coverage([])\n>       assert report[\"aggregate\"][\"total_functions\"] == 0\n               ^^^^^^^^^^^^^^^^^^^\nE       KeyError: 'aggregate'\n\ntests\\test_coverage_repoter.py:30: KeyError"}, "teardown": {"duration": 0.00023480004165321589, "outcome": "passed"}}, {"nodeid": "tests/test_dashboard.py::test_dashboard_loads_pytest_results", "lineno": 5, "outcome": "passed", "keywords": ["test_dashboard_loads_pytest_results", "test_dashboard.py", "tests", "AI_Powered_chatbot", ""], "setup": {"duration": 0.0004428999964147806, "outcome": "passed"}, "call": {"duration": 0.038777200039476156, "outcome": "passed"}, "teardown": {"duration": 0.00038079998921602964, "outcome": "passed"}}, {"nodeid": "tests/test_dashboard.py::test_filter_functions_search", "lineno": 11, "outcome": "passed", "keywords": ["test_filter_functions_search", "test_dashboard.py", "tests", "AI_Powered_chatbot", ""], "setup": {"duration": 0.0003529000096023083, "outcome": "passed"}, "call": {"duration": 0.00034309993498027325, "outcome": "passed"}, "teardown": {"duration": 0.0002948000328615308, "outcome": "passed"}}, {"nodeid": "tests/test_dashboard.py::test_filter_functions_status", "lineno": 23, "outcome": "passed", "keywords": ["test_filter_functions_status", "test_dashboard.py", "tests", "AI_Powered_chatbot", ""], "setup": {"duration": 0.00023380003403872252, "outcome": "passed"}, "call": {"duration": 0.00022980000358074903, "outcome": "passed"}, "teardown": {"duration": 0.00025569996796548367, "outcome": "passed"}}, {"nodeid": "tests/test_dashboard.py::test_filter_functions_combined", "lineno": 37, "outcome": "passed", "keywords": ["test_filter_functions_combined", "test_dashboard.py", "tests", "AI_Powered_chatbot", ""], "setup": {"duration": 0.00021130009554326534, "outcome": "passed"}, "call": {"duration": 0.0002202000468969345, "outcome": "passed"}, "teardown": {"duration": 0.00027930003125220537, "outcome": "passed"}}, {"nodeid": "tests/test_generotor.py::test_generate_google_docstring", "lineno": 5, "outcome": "passed", "keywords": ["test_generate_google_docstring", "test_generotor.py", "tests", "AI_Powered_chatbot", ""], "setup": {"duration": 0.00023650005459785461, "outcome": "passed"}, "call": {"duration": 0.00021739990916103125, "outcome": "passed"}, "teardown": {"duration": 0.00029250001534819603, "outcome": "passed"}}, {"nodeid": "tests/test_generotor.py::test_generate_numpy_docstring", "lineno": 19, "outcome": "passed", "keywords": ["test_generate_numpy_docstring", "test_generotor.py", "tests", "AI_Powered_chatbot", ""], "setup": {"duration": 0.00021710002329200506, "outcome": "passed"}, "call": {"duration": 0.0002218000590801239, "outcome": "passed"}, "teardown": {"duration": 0.000238100066781044, "outcome": "passed"}}, {"nodeid": "tests/test_generotor.py::test_generate_rest_docstring", "lineno": 33, "outcome": "passed", "keywords": ["test_generate_rest_docstring", "test_generotor.py", "tests", "AI_Powered_chatbot", ""], "setup": {"duration": 0.0001553000183776021, "outcome": "passed"}, "call": {"duration": 0.00017579994164407253, "outcome": "passed"}, "teardown": {"duration": 0.0003151999553665519, "outcome": "passed"}}, {"nodeid": "tests/test_generotor.py::test_invalid_style_raises_error", "lineno": 46, "outcome": "failed", "keywords": ["test_invalid_style_raises_error", "test_generotor.py", "tests", "AI_Powered_chatbot", ""], "setup": {"duration": 0.00032920006196945906, "outcome": "passed"}, "call": {"duration": 0.0008180999429896474, "outcome": "failed", "crash": {"path": "C:\\Users\\pavit\\OneDrive\\Desktop\\AI_Powered_chatbot\\tests\\test_generotor.py", "lineno": 55, "message": "AssertionError: assert 'Unknown style' in 'Unsupported docstring style'\n +  where 'Unsupported docstring style' = str(ValueError('Unsupported docstring style'))"}, "traceback": [{"path": "tests\\test_generotor.py", "lineno": 55, "message": "AssertionError"}], "longrepr": "def test_invalid_style_raises_error():\n        \"\"\"Test that invalid style raises ValueError.\"\"\"\n        fn = {\"name\": \"test\", \"args\": [], \"returns\": None}\n    \n        try:\n>           generate_docstring(fn, style=\"invalid_style\")\n\ntests\\test_generotor.py:52: \n_ _ _ _ _ _ _ _ _ _ _ _ _ _ _ _ _ _ _ _ _ _ _ _ _ _ _ _ _ _ _ _ _ _ _ _ _ _ _ _ _ _ _ _ _ \n\nfunc_meta = {'args': [], 'name': 'test', 'returns': None}, style = 'invalid_style'\n\n    def generate_docstring(func_meta, style=\"google\"):\n        if style == \"google\":\n            return generate_google_docstring(func_meta)\n        if style == \"numpy\":\n            return generate_numpy_docstring(func_meta)\n        if style == \"rest\":\n            return generate_rest_docstring(func_meta)\n>       raise ValueError(\"Unsupported docstring style\")\nE       ValueError: Unsupported docstring style\n\ncore\\docstring_engine\\generator.py:89: ValueError\n\nDuring handling of the above exception, another exception occurred:\n\n    def test_invalid_style_raises_error():\n        \"\"\"Test that invalid style raises ValueError.\"\"\"\n        fn = {\"name\": \"test\", \"args\": [], \"returns\": None}\n    \n        try:\n            generate_docstring(fn, style=\"invalid_style\")\n            assert False, \"Should have raised ValueError\"\n        except ValueError as e:\n>           assert \"Unknown style\" in str(e)\nE           AssertionError: assert 'Unknown style' in 'Unsupported docstring style'\nE            +  where 'Unsupported docstring style' = str(ValueError('Unsupported docstring style'))\n\ntests\\test_generotor.py:55: AssertionError"}, "teardown": {"duration": 0.0003696000203490257, "outcome": "passed"}}, {"nodeid": "tests/test_llm_integration.py::test_llm_returns_dict", "lineno": 6, "outcome": "passed", "keywords": ["test_llm_returns_dict", "test_llm_integration.py", "tests", "AI_Powered_chatbot", ""], "setup": {"duration": 0.0004458999028429389, "outcome": "passed"}, "call": {"duration": 0.00025319994892925024, "outcome": "passed"}, "teardown": {"duration": 0.00030419998802244663, "outcome": "passed"}}, {"nodeid": "tests/test_llm_integration.py::test_llm_returns_all_required_fields", "lineno": 36, "outcome": "passed", "keywords": ["test_llm_returns_all_required_fields", "test_llm_integration.py", "tests", "AI_Powered_chatbot", ""], "setup": {"duration": 0.0002457000082358718, "outcome": "passed"}, "call": {"duration": 0.0001721000298857689, "outcome": "passed"}, "teardown": {"duration": 0.0003168999683111906, "outcome": "passed"}}, {"nodeid": "tests/test_llm_integration.py::test_llm_fallback_on_error", "lineno": 67, "outcome": "passed", "keywords": ["test_llm_fallback_on_error", "test_llm_integration.py", "tests", "AI_Powered_chatbot", ""], "setup": {"duration": 0.00019679998513311148, "outcome": "passed"}, "call": {"duration": 1.7146669999929145, "outcome": "passed"}, "teardown": {"duration": 0.00031219993252307177, "outcome": "passed"}}, {"nodeid": "tests/test_llm_integration.py::test_llm_handles_function_without_args", "lineno": 85, "outcome": "passed", "keywords": ["test_llm_handles_function_without_args", "test_llm_integration.py", "tests", "AI_Powered_chatbot", ""], "setup": {"duration": 0.0002454000059515238, "outcome": "passed"}, "call": {"duration": 0.00016389996744692326, "outcome": "passed"}, "teardown": {"duration": 0.0002493000356480479, "outcome": "passed"}}, {"nodeid": "tests/test_llm_integration.py::test_llm_handles_function_without_return", "lineno": 110, "outcome": "passed", "keywords": ["test_llm_handles_function_without_return", "test_llm_integration.py", "tests", "AI_Powered_chatbot", ""], "setup": {"duration": 0.00026290002278983593, "outcome": "passed"}, "call": {"duration": 0.00019679998513311148, "outcome": "passed"}, "teardown": {"duration": 0.00021180009935051203, "outcome": "passed"}}, {"nodeid": "tests/test_parser.py::test_parse_examples_folder", "lineno": 5, "outcome": "passed", "keywords": ["test_parse_examples_folder", "test_parser.py", "tests", "AI_Powered_chatbot", ""], "setup": {"duration": 0.00025690009351819754, "outcome": "passed"}, "call": {"duration": 0.004597799968905747, "outcome": "passed"}, "teardown": {"duration": 0.00029619992710649967, "outcome": "passed"}}, {"nodeid": "tests/test_parser.py::test_parsed_file_structure", "lineno": 21, "outcome": "failed", "keywords": ["test_parsed_file_structure", "test_parser.py", "tests", "AI_Powered_chatbot", ""], "setup": {"duration": 0.0002052999334409833, "outcome": "passed"}, "call": {"duration": 0.0029232000233605504, "outcome": "failed", "crash": {"path": "C:\\Users\\pavit\\OneDrive\\Desktop\\AI_Powered_chatbot\\tests\\test_parser.py", "lineno": 29, "message": "AssertionError: assert 'file_path' in {'classes': [{'end_lineno': 24, 'has_docstring': False, 'lineno': 18, 'methods': [{'args': [{...}, {...}], 'class_attr...: 'b'}], 'complexity': 1, 'defaults': [], 'end_lineno': 15, ...}], 'imports': ['math'], 'module_docstring': False, ...}"}, "traceback": [{"path": "tests\\test_parser.py", "lineno": 29, "message": "AssertionError"}], "longrepr": "def test_parsed_file_structure():\n        \"\"\"Test structure of parsed file metadata.\"\"\"\n        results = parse_path(\"examples\")\n        if not results:\n            return  # Skip if no examples\n    \n        file_meta = results[0]\n>       assert \"file_path\" in file_meta\nE       AssertionError: assert 'file_path' in {'classes': [{'end_lineno': 24, 'has_docstring': False, 'lineno': 18, 'methods': [{'args': [{...}, {...}], 'class_attr...: 'b'}], 'complexity': 1, 'defaults': [], 'end_lineno': 15, ...}], 'imports': ['math'], 'module_docstring': False, ...}\n\ntests\\test_parser.py:29: AssertionError"}, "teardown": {"duration": 0.0010767999337986112, "outcome": "passed"}}, {"nodeid": "tests/test_parser.py::test_function_metadata_keys", "lineno": 38, "outcome": "passed", "keywords": ["test_function_metadata_keys", "test_parser.py", "tests", "AI_Powered_chatbot", ""], "setup": {"duration": 0.0003386000171303749, "outcome": "passed"}, "call": {"duration": 0.002099200035445392, "outcome": "passed"}, "teardown": {"duration": 0.0001868000254034996, "outcome": "passed"}}, {"nodeid": "tests/test_parser.py::test_function_argument_parsing", "lineno": 55, "outcome": "passed", "keywords": ["test_function_argument_parsing", "test_parser.py", "tests", "AI_Powered_chatbot", ""], "setup": {"duration": 0.0001354999840259552, "outcome": "passed"}, "call": {"duration": 0.0015683999517932534, "outcome": "passed"}, "teardown": {"duration": 0.00023010000586509705, "outcome": "passed"}}, {"nodeid": "tests/test_parser.py::test_docstring_detection", "lineno": 78, "outcome": "passed", "keywords": ["test_docstring_detection", "test_parser.py", "tests", "AI_Powered_chatbot", ""], "setup": {"duration": 0.0001857000170275569, "outcome": "passed"}, "call": {"duration": 0.001768199959769845, "outcome": "passed"}, "teardown": {"duration": 0.00017539993859827518, "outcome": "passed"}}, {"nodeid": "tests/test_validation.py::test_validator_returns_list", "lineno": 5, "outcome": "failed", "keywords": ["test_validator_returns_list", "test_validation.py", "tests", "AI_Powered_chatbot", ""], "setup": {"duration": 0.00020460004452615976, "outcome": "passed"}, "call": {"duration": 0.30288410000503063, "outcome": "failed", "crash": {"path": "C:\\Users\\pavit\\OneDrive\\Desktop\\AI_Powered_chatbot\\tests\\test_validation.py", "lineno": 9, "message": "AssertionError: assert False\n +  where False = isinstance({'issues': [['examples/sample_a.py:1 at module level:', '        D100: Missing docstring in public module', 'examples/...ample_a.py:18 in public class `Processor`:', '        D101: Missing docstring in public class', ...]], 'passed': False}, list)"}, "traceback": [{"path": "tests\\test_validation.py", "lineno": 9, "message": "AssertionError"}], "longrepr": "def test_validator_returns_list():\n        \"\"\"Test that validator returns list of violations.\"\"\"\n        errors = run_pydocstyle(\"examples/sample_a.py\")\n>       assert isinstance(errors, list)\nE       AssertionError: assert False\nE        +  where False = isinstance({'issues': [['examples/sample_a.py:1 at module level:', '        D100: Missing docstring in public module', 'examples/...ample_a.py:18 in public class `Processor`:', '        D101: Missing docstring in public class', ...]], 'passed': False}, list)\n\ntests\\test_validation.py:9: AssertionError"}, "teardown": {"duration": 0.0002562999725341797, "outcome": "passed"}}, {"nodeid": "tests/test_validation.py::test_validator_detects_issues", "lineno": 17, "outcome": "passed", "keywords": ["test_validator_detects_issues", "test_validation.py", "tests", "AI_Powered_chatbot", ""], "setup": {"duration": 0.00014000001829117537, "outcome": "passed"}, "call": {"duration": 0.3818359998986125, "outcome": "passed"}, "teardown": {"duration": 0.0002886999864131212, "outcome": "passed"}}, {"nodeid": "tests/test_validation.py::test_complexity_returns_list", "lineno": 31, "outcome": "passed", "keywords": ["test_complexity_returns_list", "test_validation.py", "tests", "AI_Powered_chatbot", ""], "setup": {"duration": 0.0002180999144911766, "outcome": "passed"}, "call": {"duration": 0.0003768999595195055, "outcome": "passed"}, "teardown": {"duration": 0.00025429995730519295, "outcome": "passed"}}, {"nodeid": "tests/test_validation.py::test_complexity_structure", "lineno": 38, "outcome": "passed", "keywords": ["test_complexity_structure", "test_validation.py", "tests", "AI_Powered_chatbot", ""], "setup": {"duration": 0.00014020001981407404, "outcome": "passed"}, "call": {"duration": 0.00027279998175799847, "outcome": "passed"}, "teardown": {"duration": 0.0001914000604301691, "outcome": "passed"}}, {"nodeid": "tests/test_validation.py::test_complexity_detects_branches", "lineno": 54, "outcome": "passed", "keywords": ["test_complexity_detects_branches", "test_validation.py", "tests", "AI_Powered_chatbot", ""], "setup": {"duration": 0.00019139994401484728, "outcome": "passed"}, "call": {"duration": 0.0005002999678254128, "outcome": "passed"}, "teardown": {"duration": 0.00022409996017813683, "outcome": "passed"}}, {"nodeid": "tests/test_validation.py::test_complexity_handles_multiple_functions", "lineno": 82, "outcome": "passed", "keywords": ["test_complexity_handles_multiple_functions", "test_validation.py", "tests", "AI_Powered_chatbot", ""], "setup": {"duration": 0.00018820003606379032, "outcome": "passed"}, "call": {"duration": 0.0002738999901339412, "outcome": "passed"}, "teardown": {"duration": 0.0002859999658539891, "outcome": "passed"}}, {"nodeid": "tests/test_validation.py::test_validator_with_valid_docstrings", "lineno": 109, "outcome": "failed", "keywords": ["test_validator_with_valid_docstrings", "test_validation.py", "tests", "AI_Powered_chatbot", ""], "setup": {"duration": 0.00030239997431635857, "outcome": "passed"}, "call": {"duration": 0.28555730008520186, "outcome": "failed", "crash": {"path": "C:\\Users\\pavit\\OneDrive\\Desktop\\AI_Powered_chatbot\\tests\\test_validation.py", "lineno": 117, "message": "AssertionError: assert False\n +  where False = isinstance({'issues': [['examples/sample_a.py:1 at module level:', '        D100: Missing docstring in public module', 'examples/...ample_a.py:18 in public class `Processor`:', '        D101: Missing docstring in public class', ...]], 'passed': False}, list)"}, "traceback": [{"path": "tests\\test_validation.py", "lineno": 117, "message": "AssertionError"}], "longrepr": "def test_validator_with_valid_docstrings():\n        \"\"\"Test validator on file with proper docstrings.\"\"\"\n        # This test assumes there might be a well-documented example file\n        # If all examples have issues, errors will be non-empty\n        errors = run_pydocstyle(\"examples/sample_a.py\")\n    \n        # \u2705 Just verify it runs without crashing\n>       assert isinstance(errors, list)\nE       AssertionError: assert False\nE        +  where False = isinstance({'issues': [['examples/sample_a.py:1 at module level:', '        D100: Missing docstring in public module', 'examples/...ample_a.py:18 in public class `Processor`:', '        D101: Missing docstring in public class', ...]], 'passed': False}, list)\n\ntests\\test_validation.py:117: AssertionError"}, "teardown": {"duration": 0.0003165999660268426, "outcome": "passed"}}]}